cl : command line warning D9025: overriding '/MTd' with '/MDd'
  Application.cpp
D:\Programs\GameEngine\GameEngine\src\GameEngine\Layer.h(10,15): warning C4251: 'Engine::Layer::m_DebugName': class 'std::basic_string<char,std::char_traits<char>,std::allocator<char>>' needs to have dll-interface to be used by clients of class 'Engine::Layer'
C:\Program Files\Microsoft Visual Studio\2022\Community\VC\Tools\MSVC\14.32.31326\include\xstring(4919): message : see declaration of 'std::basic_string<char,std::char_traits<char>,std::allocator<char>>'
D:\Programs\GameEngine\GameEngine\src\GameEngine\LayerStack.h(11,23): warning C4251: 'Engine::LayerStack::m_Layers': class 'std::vector<Engine::Layer *,std::allocator<Engine::Layer *>>' needs to have dll-interface to be used by clients of class 'Engine::LayerStack'
D:\Programs\GameEngine\GameEngine\src\GameEngine\LayerStack.h(11): message : see declaration of 'std::vector<Engine::Layer *,std::allocator<Engine::Layer *>>'
D:\Programs\GameEngine\GameEngine\src\GameEngine\Application.h(23,27): warning C4251: 'Engine::Application::m_Window': class 'std::unique_ptr<Engine::Window,std::default_delete<Engine::Window>>' needs to have dll-interface to be used by clients of class 'Engine::Application'
D:\Programs\GameEngine\GameEngine\src\GameEngine\Application.h(23): message : see declaration of 'std::unique_ptr<Engine::Window,std::default_delete<Engine::Window>>'
  Layer.cpp
D:\Programs\GameEngine\GameEngine\src\GameEngine\Layer.h(10,15): warning C4251: 'Engine::Layer::m_DebugName': class 'std::basic_string<char,std::char_traits<char>,std::allocator<char>>' needs to have dll-interface to be used by clients of class 'Engine::Layer'
C:\Program Files\Microsoft Visual Studio\2022\Community\VC\Tools\MSVC\14.32.31326\include\xstring(4919): message : see declaration of 'std::basic_string<char,std::char_traits<char>,std::allocator<char>>'
  LayerStack.cpp
D:\Programs\GameEngine\GameEngine\src\GameEngine\Layer.h(10,15): warning C4251: 'Engine::Layer::m_DebugName': class 'std::basic_string<char,std::char_traits<char>,std::allocator<char>>' needs to have dll-interface to be used by clients of class 'Engine::Layer'
C:\Program Files\Microsoft Visual Studio\2022\Community\VC\Tools\MSVC\14.32.31326\include\xstring(4919): message : see declaration of 'std::basic_string<char,std::char_traits<char>,std::allocator<char>>'
D:\Programs\GameEngine\GameEngine\src\GameEngine\LayerStack.h(11,23): warning C4251: 'Engine::LayerStack::m_Layers': class 'std::vector<Engine::Layer *,std::allocator<Engine::Layer *>>' needs to have dll-interface to be used by clients of class 'Engine::LayerStack'
D:\Programs\GameEngine\GameEngine\src\GameEngine\LayerStack.h(11): message : see declaration of 'std::vector<Engine::Layer *,std::allocator<Engine::Layer *>>'
  Log.cpp
  WindowsWindow.cpp
  Generating Code...
     Creating library ..\bin\Debug-windows-x86_64\GameEngine\GameEngine.lib and object ..\bin\Debug-windows-x86_64\GameEngine\GameEngine.exp
  GameEngine.vcxproj -> D:\Programs\GameEngine\bin\Debug-windows-x86_64\GameEngine\GameEngine.dll
